<?xml version="1.0" encoding="UTF-8"?>
<!-- Generated by org.testng.reporters.JUnitReportReporter -->
<testsuite hostname="ATPL-SENJUTI-BHADRA" failures="0" tests="1" name="tests.LoanCreation" time="6.492" errors="0" timestamp="2023-04-06T14:51:49 IST" skipped="0">
  <testcase classname="tests.LoanCreation" name="PMatLoanCreation" time="6.492"/>
  <system-out/>
</testsuite> <!-- tests.LoanCreation -->
