<?xml version="1.0" encoding="UTF-8"?>
<!-- Generated by org.testng.reporters.JUnitReportReporter -->
<testsuite hostname="ATPL-SENJUTI-BHADRA" failures="0" tests="3" name="tests.StatusChange" time="42.010" errors="0" timestamp="2023-04-06T14:51:49 IST" skipped="0">
  <testcase classname="tests.StatusChange" name="statusChangeCreditApproved" time="13.434"/>
  <system-out/>
  <testcase classname="tests.StatusChange" name="statusChange" time="13.435"/>
  <system-out/>
  <testcase classname="tests.StatusChange" name="statusChangeDisbursementApproved" time="15.141"/>
  <system-out/>
</testsuite> <!-- tests.StatusChange -->
