<?xml version="1.0" encoding="UTF-8"?>
<!-- Generated by org.testng.reporters.JUnitReportReporter -->
<testsuite hostname="ATPL-SENJUTI-BHADRA" failures="0" tests="1" name="tests.LeadCreation" time="5.299" errors="0" timestamp="2023-04-06T14:51:49 IST" skipped="0">
  <testcase classname="tests.LeadCreation" name="PMatLeadCreation" time="5.299"/>
  <system-out/>
</testsuite> <!-- tests.LeadCreation -->
