<?xml version="1.0" encoding="UTF-8"?>
<!-- Generated by org.testng.reporters.JUnitReportReporter -->
<testsuite hostname="ATPL-SENJUTI-BHADRA" failures="0" tests="1" name="com.origin.tests.Controller" time="19.269" errors="0" timestamp="2023-03-20T13:09:18 IST" skipped="0">
  <testcase classname="com.origin.tests.Controller" name="control" time="19.269"/>
  <system-out/>
</testsuite> <!-- com.origin.tests.Controller -->
